{"numFailedTestSuites":0,"numFailedTests":0,"numPassedTestSuites":3,"numPassedTests":15,"numPendingTestSuites":0,"numPendingTests":0,"numRuntimeErrorTestSuites":0,"numTodoTests":0,"numTotalTestSuites":3,"numTotalTests":15,"openHandles":[],"snapshot":{"added":0,"didUpdate":false,"failure":false,"filesAdded":0,"filesRemoved":0,"filesRemovedList":[],"filesUnmatched":0,"filesUpdated":0,"matched":0,"total":0,"unchecked":0,"uncheckedKeysByFile":[],"unmatched":0,"updated":0},"startTime":1790286414897,"success":true,"testResults":[{"assertionResults":[{"ancestorTitles":["MoMo / Airtel payment SSOT — no tenant mix"],"duration":23,"failing":false,"failureDetails":[],"failureMessages":[],"fullName":"MoMo / Airtel payment SSOT — no tenant mix CURRENT_SCHEMA_VERSION is 625 and heal migration stamps 625","invocations":1,"location":null,"numPassingAsserts":6,"retryReasons":[],"startAt":1790286417989,"status":"passed","title":"CURRENT_SCHEMA_VERSION is 625 and heal migration stamps 625"},{"ancestorTitles":["MoMo / Airtel payment SSOT — no tenant mix"],"duration":9,"failing":false,"failureDetails":[],"failureMessages":[],"fullName":"MoMo / Airtel payment SSOT — no tenant mix fail-closed postconditions cover 571 + 625 (enum/GL/book drift cannot hide)","invocations":1,"location":null,"numPassingAsserts":5,"retryReasons":[],"startAt":1790286418014,"status":"passed","title":"fail-closed postconditions cover 571 + 625 (enum/GL/book drift cannot hide)"},{"ancestorTitles":["MoMo / Airtel payment SSOT — no tenant mix"],"duration":3,"failing":false,"failureDetails":[],"failureMessages":[],"fullName":"MoMo / Airtel payment SSOT — no tenant mix client POSSaleSchema accepts AIRTEL_MONEY (same as every tenant UI)","invocations":1,"location":null,"numPassingAsserts":2,"retryReasons":[],"startAt":1790286418024,"status":"passed","title":"client POSSaleSchema accepts AIRTEL_MONEY (same as every tenant UI)"},{"ancestorTitles":["MoMo / Airtel payment SSOT — no tenant mix"],"duration":9,"failing":false,"failureDetails":[],"failureMessages":[],"fullName":"MoMo / Airtel payment SSOT — no tenant mix sale bank routing self-heals MoMo book (no per-tenant Banking setup)","invocations":1,"location":null,"numPassingAsserts":5,"retryReasons":[],"startAt":1790286418027,"status":"passed","title":"sale bank routing self-heals MoMo book (no per-tenant Banking setup)"}],"endTime":1790286418041,"message":"","name":"C:\\Users\\Chase\\source\\repos\\SamplePOS\\SamplePOS.Server\\src\\services\\momoAirtelPaymentSsot.evidence.test.ts","startTime":1790286416661,"status":"passed","summary":""},{"assertionResults":[{"ancestorTitles":["tenantMigrationDrift"],"duration":23,"failing":false,"failureDetails":[],"failureMessages":[],"fullName":"tenantMigrationDrift flags 418 when ar_customer_payments is missing (Bliss drift case)","invocations":1,"location":null,"numPassingAsserts":1,"retryReasons":[],"startAt":1790286417976,"status":"passed","title":"flags 418 when ar_customer_payments is missing (Bliss drift case)"},{"ancestorTitles":["tenantMigrationDrift"],"duration":3,"failing":false,"failureDetails":[],"failureMessages":[],"fullName":"tenantMigrationDrift passes when AR payment tables exist","invocations":1,"location":null,"numPassingAsserts":1,"retryReasons":[],"startAt":1790286418002,"status":"passed","title":"passes when AR payment tables exist"},{"ancestorTitles":["tenantMigrationDrift"],"duration":2,"failing":false,"failureDetails":[],"failureMessages":[],"fullName":"tenantMigrationDrift flags when only one of two anchor tables exists","invocations":1,"location":null,"numPassingAsserts":1,"retryReasons":[],"startAt":1790286418005,"status":"passed","title":"flags when only one of two anchor tables exists"},{"ancestorTitles":["tenant schema SSOT — copy ledger cannot fake apply"],"duration":2,"failing":false,"failureDetails":[],"failureMessages":[],"fullName":"tenant schema SSOT — copy ledger cannot fake apply anchors 502 pos_session_policy so a copied filename is not treated as applied","invocations":1,"location":null,"numPassingAsserts":1,"retryReasons":[],"startAt":1790286418007,"status":"passed","title":"anchors 502 pos_session_policy so a copied filename is not treated as applied"},{"ancestorTitles":["tenant schema SSOT — copy ledger cannot fake apply"],"duration":4,"failing":false,"failureDetails":[],"failureMessages":[],"fullName":"tenant schema SSOT — copy ledger cannot fake apply skips copying 502 when the column is missing (Bliss ledger clone)","invocations":1,"location":null,"numPassingAsserts":1,"retryReasons":[],"startAt":1790286418010,"status":"passed","title":"skips copying 502 when the column is missing (Bliss ledger clone)"},{"ancestorTitles":["tenant schema SSOT — copy ledger cannot fake apply"],"duration":1,"failing":false,"failureDetails":[],"failureMessages":[],"fullName":"tenant schema SSOT — copy ledger cannot fake apply does not copy unverifiable filenames onto an incomplete tenant","invocations":1,"location":null,"numPassingAsserts":1,"retryReasons":[],"startAt":1790286418015,"status":"passed","title":"does not copy unverifiable filenames onto an incomplete tenant"},{"ancestorTitles":["tenant schema SSOT — copy ledger cannot fake apply"],"duration":3,"failing":false,"failureDetails":[],"failureMessages":[],"fullName":"tenant schema SSOT — copy ledger cannot fake apply may copy unverifiable filenames onto a complete clone (objects already exist)","invocations":1,"location":null,"numPassingAsserts":1,"retryReasons":[],"startAt":1790286418017,"status":"passed","title":"may copy unverifiable filenames onto a complete clone (objects already exist)"},{"ancestorTitles":["tenant schema SSOT — copy ledger cannot fake apply"],"duration":13,"failing":false,"failureDetails":[],"failureMessages":[],"fullName":"tenant schema SSOT — copy ledger cannot fake apply CURRENT_SCHEMA_VERSION matches 621 stamp, 622 expense reverse, 624 owner capital, 625 MoMo/Airtel","invocations":1,"location":null,"numPassingAsserts":15,"retryReasons":[],"startAt":1790286418020,"status":"passed","title":"CURRENT_SCHEMA_VERSION matches 621 stamp, 622 expense reverse, 624 owner capital, 625 MoMo/Airtel"},{"ancestorTitles":["tenant schema SSOT — copy ledger cannot fake apply"],"duration":6,"failing":false,"failureDetails":[],"failureMessages":[],"fullName":"tenant schema SSOT — copy ledger cannot fake apply requires session tables on every tenant","invocations":1,"location":null,"numPassingAsserts":1,"retryReasons":[],"startAt":1790286418034,"status":"passed","title":"requires session tables on every tenant"}],"endTime":1790286418044,"message":"","name":"C:\\Users\\Chase\\source\\repos\\SamplePOS\\SamplePOS.Server\\src\\modules\\system\\tenantMigrationDrift.test.ts","startTime":1790286416632,"status":"passed","summary":""},{"assertionResults":[{"ancestorTitles":["BankingService.createFromSale payment routing proof"],"duration":20,"failing":false,"failureDetails":[],"failureMessages":[],"fullName":"BankingService.createFromSale payment routing proof routes AIRTEL_MONEY sale deposits to the mobile money GL account","invocations":1,"location":null,"numPassingAsserts":3,"retryReasons":[],"startAt":1790286418126,"status":"passed","title":"routes AIRTEL_MONEY sale deposits to the mobile money GL account"},{"ancestorTitles":["BankingService.createFromSale payment routing proof"],"duration":5,"failing":false,"failureDetails":[],"failureMessages":[],"fullName":"BankingService.createFromSale payment routing proof routes MOBILE_MONEY (MTN) the same as AIRTEL — no tenant-special path","invocations":1,"location":null,"numPassingAsserts":2,"retryReasons":[],"startAt":1790286418148,"status":"passed","title":"routes MOBILE_MONEY (MTN) the same as AIRTEL — no tenant-special path"}],"endTime":1790286418155,"message":"","name":"C:\\Users\\Chase\\source\\repos\\SamplePOS\\SamplePOS.Server\\src\\services\\bankingSalePaymentRouting.proof.test.ts","startTime":1790286416606,"status":"passed","summary":""}],"wasInterrupted":false}
