{"numFailedTestSuites":0,"numFailedTests":0,"numPassedTestSuites":1,"numPassedTests":4,"numPendingTestSuites":0,"numPendingTests":0,"numRuntimeErrorTestSuites":0,"numTodoTests":0,"numTotalTestSuites":1,"numTotalTests":4,"openHandles":[],"snapshot":{"added":0,"didUpdate":false,"failure":false,"filesAdded":0,"filesRemoved":0,"filesRemovedList":[],"filesUnmatched":0,"filesUpdated":0,"matched":0,"total":0,"unchecked":0,"uncheckedKeysByFile":[],"unmatched":0,"updated":0},"startTime":1790288748284,"success":true,"testResults":[{"assertionResults":[{"ancestorTitles":["Expense mark-paid MoMo — no categoryId as contra"],"duration":16,"failing":false,"failureDetails":[],"failureMessages":[],"fullName":"Expense mark-paid MoMo — no categoryId as contra markExpensePaid links bank mirror to EXPENSE_PAYMENT GL with paymentAccountCode","invocations":1,"location":null,"numPassingAsserts":4,"retryReasons":[],"startAt":1790288749920,"status":"passed","title":"markExpensePaid links bank mirror to EXPENSE_PAYMENT GL with paymentAccountCode"},{"ancestorTitles":["Expense mark-paid MoMo — no categoryId as contra"],"duration":7,"failing":false,"failureDetails":[],"failureMessages":[],"fullName":"Expense mark-paid MoMo — no categoryId as contra createFromExpense never uses expenseAccountId/categoryId as contra","invocations":1,"location":null,"numPassingAsserts":6,"retryReasons":[],"startAt":1790288749943,"status":"passed","title":"createFromExpense never uses expenseAccountId/categoryId as contra"},{"ancestorTitles":["Expense mark-paid MoMo — no categoryId as contra"],"duration":4,"failing":false,"failureDetails":[],"failureMessages":[],"fullName":"Expense mark-paid MoMo — no categoryId as contra schema 625 ensures EXPENSE_PAYMENT on MoMo liquidity (1040)","invocations":1,"location":null,"numPassingAsserts":2,"retryReasons":[],"startAt":1790288749952,"status":"passed","title":"schema 625 ensures EXPENSE_PAYMENT on MoMo liquidity (1040)"},{"ancestorTitles":["BankingService.createFromExpense MoMo mirror (executed)"],"duration":1398,"failing":false,"failureDetails":[],"failureMessages":[],"fullName":"BankingService.createFromExpense MoMo mirror (executed) inserts WITHDRAWAL linked to existing GL for 1040 without createTransaction","invocations":1,"location":null,"numPassingAsserts":5,"retryReasons":[],"startAt":1790288749958,"status":"passed","title":"inserts WITHDRAWAL linked to existing GL for 1040 without createTransaction"}],"endTime":1790288751359,"message":"","name":"C:\\Users\\Chase\\source\\repos\\SamplePOS\\SamplePOS.Server\\src\\services\\expenseMarkPaidMomo.evidence.test.ts","startTime":1790288748921,"status":"passed","summary":""}],"wasInterrupted":false}
