{"numFailedTestSuites":0,"numFailedTests":0,"numPassedTestSuites":5,"numPassedTests":27,"numPendingTestSuites":0,"numPendingTests":0,"numRuntimeErrorTestSuites":0,"numTodoTests":0,"numTotalTestSuites":5,"numTotalTests":27,"openHandles":[],"snapshot":{"added":0,"didUpdate":false,"failure":false,"filesAdded":0,"filesRemoved":0,"filesRemovedList":[],"filesUnmatched":0,"filesUpdated":0,"matched":0,"total":0,"unchecked":0,"uncheckedKeysByFile":[],"unmatched":0,"updated":0},"startTime":1790291655122,"success":true,"testResults":[{"assertionResults":[{"ancestorTitles":["Banking Add Transaction — quiet owner capital"],"duration":16,"failing":false,"failureDetails":[],"failureMessages":[],"fullName":"Banking Add Transaction — quiet owner capital 624 heals 3200 Owner Capital and 3300 Owner Drawings (623 may have stamped early)","invocations":1,"location":null,"numPassingAsserts":6,"retryReasons":[],"startAt":1790291657890,"status":"passed","title":"624 heals 3200 Owner Capital and 3300 Owner Drawings (623 may have stamped early)"},{"ancestorTitles":["Banking Add Transaction — quiet owner capital"],"duration":5,"failing":false,"failureDetails":[],"failureMessages":[],"fullName":"Banking Add Transaction — quiet owner capital manual BANK_TXN refuses sales, AR, and cash↔cash","invocations":1,"location":null,"numPassingAsserts":3,"retryReasons":[],"startAt":1790291657907,"status":"passed","title":"manual BANK_TXN refuses sales, AR, and cash↔cash"},{"ancestorTitles":["Banking Add Transaction — quiet owner capital"],"duration":40,"failing":false,"failureDetails":[],"failureMessages":[],"fullName":"Banking Add Transaction — quiet owner capital Journal Entries capital preset uses 3200 / 3300","invocations":1,"location":null,"numPassingAsserts":3,"retryReasons":[],"startAt":1790291657912,"status":"passed","title":"Journal Entries capital preset uses 3200 / 3300"}],"endTime":1790291657955,"message":"","name":"C:\\Users\\Chase\\source\\repos\\SamplePOS\\SamplePOS.Server\\src\\services\\bankingOwnerCapital.evidence.test.ts","startTime":1790291656687,"status":"passed","summary":""},{"assertionResults":[{"ancestorTitles":["tenantMigrationDrift"],"duration":22,"failing":false,"failureDetails":[],"failureMessages":[],"fullName":"tenantMigrationDrift flags 418 when ar_customer_payments is missing (Bliss drift case)","invocations":1,"location":null,"numPassingAsserts":1,"retryReasons":[],"startAt":1790291657946,"status":"passed","title":"flags 418 when ar_customer_payments is missing (Bliss drift case)"},{"ancestorTitles":["tenantMigrationDrift"],"duration":2,"failing":false,"failureDetails":[],"failureMessages":[],"fullName":"tenantMigrationDrift passes when AR payment tables exist","invocations":1,"location":null,"numPassingAsserts":1,"retryReasons":[],"startAt":1790291657969,"status":"passed","title":"passes when AR payment tables exist"},{"ancestorTitles":["tenantMigrationDrift"],"duration":1,"failing":false,"failureDetails":[],"failureMessages":[],"fullName":"tenantMigrationDrift flags when only one of two anchor tables exists","invocations":1,"location":null,"numPassingAsserts":1,"retryReasons":[],"startAt":1790291657971,"status":"passed","title":"flags when only one of two anchor tables exists"},{"ancestorTitles":["tenant schema SSOT — copy ledger cannot fake apply"],"duration":2,"failing":false,"failureDetails":[],"failureMessages":[],"fullName":"tenant schema SSOT — copy ledger cannot fake apply anchors 502 pos_session_policy so a copied filename is not treated as applied","invocations":1,"location":null,"numPassingAsserts":1,"retryReasons":[],"startAt":1790291657972,"status":"passed","title":"anchors 502 pos_session_policy so a copied filename is not treated as applied"},{"ancestorTitles":["tenant schema SSOT — copy ledger cannot fake apply"],"duration":3,"failing":false,"failureDetails":[],"failureMessages":[],"fullName":"tenant schema SSOT — copy ledger cannot fake apply skips copying 502 when the column is missing (Bliss ledger clone)","invocations":1,"location":null,"numPassingAsserts":1,"retryReasons":[],"startAt":1790291657974,"status":"passed","title":"skips copying 502 when the column is missing (Bliss ledger clone)"},{"ancestorTitles":["tenant schema SSOT — copy ledger cannot fake apply"],"duration":1,"failing":false,"failureDetails":[],"failureMessages":[],"fullName":"tenant schema SSOT — copy ledger cannot fake apply does not copy unverifiable filenames onto an incomplete tenant","invocations":1,"location":null,"numPassingAsserts":1,"retryReasons":[],"startAt":1790291657977,"status":"passed","title":"does not copy unverifiable filenames onto an incomplete tenant"},{"ancestorTitles":["tenant schema SSOT — copy ledger cannot fake apply"],"duration":1,"failing":false,"failureDetails":[],"failureMessages":[],"fullName":"tenant schema SSOT — copy ledger cannot fake apply may copy unverifiable filenames onto a complete clone (objects already exist)","invocations":1,"location":null,"numPassingAsserts":1,"retryReasons":[],"startAt":1790291657979,"status":"passed","title":"may copy unverifiable filenames onto a complete clone (objects already exist)"},{"ancestorTitles":["tenant schema SSOT — copy ledger cannot fake apply"],"duration":8,"failing":false,"failureDetails":[],"failureMessages":[],"fullName":"tenant schema SSOT — copy ledger cannot fake apply CURRENT_SCHEMA_VERSION matches 621–627 MoMo/banking column SSOT","invocations":1,"location":null,"numPassingAsserts":23,"retryReasons":[],"startAt":1790291657980,"status":"passed","title":"CURRENT_SCHEMA_VERSION matches 621–627 MoMo/banking column SSOT"},{"ancestorTitles":["tenant schema SSOT — copy ledger cannot fake apply"],"duration":6,"failing":false,"failureDetails":[],"failureMessages":[],"fullName":"tenant schema SSOT — copy ledger cannot fake apply requires banking + MoMo tables on every tenant (no missing-table drift)","invocations":1,"location":null,"numPassingAsserts":1,"retryReasons":[],"startAt":1790291657989,"status":"passed","title":"requires banking + MoMo tables on every tenant (no missing-table drift)"},{"ancestorTitles":["tenant schema SSOT — column drift fail-closed"],"duration":2,"failing":false,"failureDetails":[],"failureMessages":[],"fullName":"tenant schema SSOT — column drift fail-closed flags 627 when bank_transactions.gl_transaction_id is missing","invocations":1,"location":null,"numPassingAsserts":1,"retryReasons":[],"startAt":1790291658000,"status":"passed","title":"flags 627 when bank_transactions.gl_transaction_id is missing"},{"ancestorTitles":["tenant schema SSOT — column drift fail-closed"],"duration":1,"failing":false,"failureDetails":[],"failureMessages":[],"fullName":"tenant schema SSOT — column drift fail-closed passes 627 when all MoMo/banking columns exist","invocations":1,"location":null,"numPassingAsserts":1,"retryReasons":[],"startAt":1790291658002,"status":"passed","title":"passes 627 when all MoMo/banking columns exist"}],"endTime":1790291658008,"message":"","name":"C:\\Users\\Chase\\source\\repos\\SamplePOS\\SamplePOS.Server\\src\\modules\\system\\tenantMigrationDrift.test.ts","startTime":1790291656754,"status":"passed","summary":""},{"assertionResults":[{"ancestorTitles":["MoMo / Airtel — no tenant mismatch, no missing columns"],"duration":18,"failing":false,"failureDetails":[],"failureMessages":[],"fullName":"MoMo / Airtel — no tenant mismatch, no missing columns CURRENT_SCHEMA_VERSION is 627 with column heal + anchors","invocations":1,"location":null,"numPassingAsserts":7,"retryReasons":[],"startAt":1790291658011,"status":"passed","title":"CURRENT_SCHEMA_VERSION is 627 with column heal + anchors"},{"ancestorTitles":["MoMo / Airtel — no tenant mismatch, no missing columns"],"duration":5,"failing":false,"failureDetails":[],"failureMessages":[],"fullName":"MoMo / Airtel — no tenant mismatch, no missing columns column anchors flag missing MoMo/banking columns (Bliss drift cannot hide)","invocations":1,"location":null,"numPassingAsserts":5,"retryReasons":[],"startAt":1790291658030,"status":"passed","title":"column anchors flag missing MoMo/banking columns (Bliss drift cannot hide)"},{"ancestorTitles":["MoMo / Airtel — no tenant mismatch, no missing columns"],"duration":2,"failing":false,"failureDetails":[],"failureMessages":[],"fullName":"MoMo / Airtel — no tenant mismatch, no missing columns every tenant requires banking + payment_methods tables","invocations":1,"location":null,"numPassingAsserts":1,"retryReasons":[],"startAt":1790291658035,"status":"passed","title":"every tenant requires banking + payment_methods tables"},{"ancestorTitles":["MoMo / Airtel — no tenant mismatch, no missing columns"],"duration":2,"failing":false,"failureDetails":[],"failureMessages":[],"fullName":"MoMo / Airtel — no tenant mismatch, no missing columns fail-closed postconditions include 627","invocations":1,"location":null,"numPassingAsserts":1,"retryReasons":[],"startAt":1790291658038,"status":"passed","title":"fail-closed postconditions include 627"},{"ancestorTitles":["MoMo / Airtel — no tenant mismatch, no missing columns"],"duration":2,"failing":false,"failureDetails":[],"failureMessages":[],"fullName":"MoMo / Airtel — no tenant mismatch, no missing columns client POSSaleSchema accepts AIRTEL_MONEY","invocations":1,"location":null,"numPassingAsserts":1,"retryReasons":[],"startAt":1790291658040,"status":"passed","title":"client POSSaleSchema accepts AIRTEL_MONEY"},{"ancestorTitles":["MoMo / Airtel — no tenant mismatch, no missing columns"],"duration":3,"failing":false,"failureDetails":[],"failureMessages":[],"fullName":"MoMo / Airtel — no tenant mismatch, no missing columns sale + expense mirrors never createTransaction (no second GL)","invocations":1,"location":null,"numPassingAsserts":2,"retryReasons":[],"startAt":1790291658043,"status":"passed","title":"sale + expense mirrors never createTransaction (no second GL)"}],"endTime":1790291658048,"message":"","name":"C:\\Users\\Chase\\source\\repos\\SamplePOS\\SamplePOS.Server\\src\\services\\momoAirtelPaymentSsot.evidence.test.ts","startTime":1790291656691,"status":"passed","summary":""},{"assertionResults":[{"ancestorTitles":["Expense mark-paid MoMo — no categoryId as contra"],"duration":16,"failing":false,"failureDetails":[],"failureMessages":[],"fullName":"Expense mark-paid MoMo — no categoryId as contra markExpensePaid links bank mirror to EXPENSE_PAYMENT GL with paymentAccountCode","invocations":1,"location":null,"numPassingAsserts":4,"retryReasons":[],"startAt":1790291657870,"status":"passed","title":"markExpensePaid links bank mirror to EXPENSE_PAYMENT GL with paymentAccountCode"},{"ancestorTitles":["Expense mark-paid MoMo — no categoryId as contra"],"duration":35,"failing":false,"failureDetails":[],"failureMessages":[],"fullName":"Expense mark-paid MoMo — no categoryId as contra createFromExpense never uses expenseAccountId/categoryId as contra","invocations":1,"location":null,"numPassingAsserts":6,"retryReasons":[],"startAt":1790291657887,"status":"passed","title":"createFromExpense never uses expenseAccountId/categoryId as contra"},{"ancestorTitles":["Expense mark-paid MoMo — no categoryId as contra"],"duration":8,"failing":false,"failureDetails":[],"failureMessages":[],"fullName":"Expense mark-paid MoMo — no categoryId as contra schema 625 ensures EXPENSE_PAYMENT on MoMo liquidity (1040)","invocations":1,"location":null,"numPassingAsserts":2,"retryReasons":[],"startAt":1790291657923,"status":"passed","title":"schema 625 ensures EXPENSE_PAYMENT on MoMo liquidity (1040)"},{"ancestorTitles":["BankingService.createFromExpense MoMo mirror (executed)"],"duration":219,"failing":false,"failureDetails":[],"failureMessages":[],"fullName":"BankingService.createFromExpense MoMo mirror (executed) inserts WITHDRAWAL linked to existing GL for 1040 without createTransaction","invocations":1,"location":null,"numPassingAsserts":5,"retryReasons":[],"startAt":1790291657932,"status":"passed","title":"inserts WITHDRAWAL linked to existing GL for 1040 without createTransaction"}],"endTime":1790291658153,"message":"","name":"C:\\Users\\Chase\\source\\repos\\SamplePOS\\SamplePOS.Server\\src\\services\\expenseMarkPaidMomo.evidence.test.ts","startTime":1790291656679,"status":"passed","summary":""},{"assertionResults":[{"ancestorTitles":["BankingService.createFromSale — mirror only (no duplicate GL)"],"duration":46,"failing":false,"failureDetails":[],"failureMessages":[],"fullName":"BankingService.createFromSale — mirror only (no duplicate GL) routes AIRTEL_MONEY to 1040 bank book linked to SALE GL — never createTransaction","invocations":1,"location":null,"numPassingAsserts":3,"retryReasons":[],"startAt":1790291658124,"status":"passed","title":"routes AIRTEL_MONEY to 1040 bank book linked to SALE GL — never createTransaction"},{"ancestorTitles":["BankingService.createFromSale — mirror only (no duplicate GL)"],"duration":3,"failing":false,"failureDetails":[],"failureMessages":[],"fullName":"BankingService.createFromSale — mirror only (no duplicate GL) routes MOBILE_MONEY (MTN) the same as AIRTEL — no tenant-special path, no second GL","invocations":1,"location":null,"numPassingAsserts":2,"retryReasons":[],"startAt":1790291658171,"status":"passed","title":"routes MOBILE_MONEY (MTN) the same as AIRTEL — no tenant-special path, no second GL"},{"ancestorTitles":["BankingService.createFromSale — mirror only (no duplicate GL)"],"duration":3,"failing":false,"failureDetails":[],"failureMessages":[],"fullName":"BankingService.createFromSale — mirror only (no duplicate GL) refuses mismatch: skips mirror when SALE GL does not debit 1040","invocations":1,"location":null,"numPassingAsserts":2,"retryReasons":[],"startAt":1790291658174,"status":"passed","title":"refuses mismatch: skips mirror when SALE GL does not debit 1040"}],"endTime":1790291658180,"message":"","name":"C:\\Users\\Chase\\source\\repos\\SamplePOS\\SamplePOS.Server\\src\\services\\bankingSalePaymentRouting.proof.test.ts","startTime":1790291656665,"status":"passed","summary":""}],"wasInterrupted":false}
