{"numFailedTestSuites":0,"numFailedTests":0,"numPassedTestSuites":4,"numPassedTests":20,"numPendingTestSuites":0,"numPendingTests":0,"numRuntimeErrorTestSuites":0,"numTodoTests":0,"numTotalTestSuites":4,"numTotalTests":20,"openHandles":[],"snapshot":{"added":0,"didUpdate":false,"failure":false,"filesAdded":0,"filesRemoved":0,"filesRemovedList":[],"filesUnmatched":0,"filesUpdated":0,"matched":0,"total":0,"unchecked":0,"uncheckedKeysByFile":[],"unmatched":0,"updated":0},"startTime":1790289664153,"success":true,"testResults":[{"assertionResults":[{"ancestorTitles":["tenantMigrationDrift"],"duration":18,"failing":false,"failureDetails":[],"failureMessages":[],"fullName":"tenantMigrationDrift flags 418 when ar_customer_payments is missing (Bliss drift case)","invocations":1,"location":null,"numPassingAsserts":1,"retryReasons":[],"startAt":1790289666944,"status":"passed","title":"flags 418 when ar_customer_payments is missing (Bliss drift case)"},{"ancestorTitles":["tenantMigrationDrift"],"duration":1,"failing":false,"failureDetails":[],"failureMessages":[],"fullName":"tenantMigrationDrift passes when AR payment tables exist","invocations":1,"location":null,"numPassingAsserts":1,"retryReasons":[],"startAt":1790289666964,"status":"passed","title":"passes when AR payment tables exist"},{"ancestorTitles":["tenantMigrationDrift"],"duration":1,"failing":false,"failureDetails":[],"failureMessages":[],"fullName":"tenantMigrationDrift flags when only one of two anchor tables exists","invocations":1,"location":null,"numPassingAsserts":1,"retryReasons":[],"startAt":1790289666965,"status":"passed","title":"flags when only one of two anchor tables exists"},{"ancestorTitles":["tenant schema SSOT — copy ledger cannot fake apply"],"duration":1,"failing":false,"failureDetails":[],"failureMessages":[],"fullName":"tenant schema SSOT — copy ledger cannot fake apply anchors 502 pos_session_policy so a copied filename is not treated as applied","invocations":1,"location":null,"numPassingAsserts":1,"retryReasons":[],"startAt":1790289666967,"status":"passed","title":"anchors 502 pos_session_policy so a copied filename is not treated as applied"},{"ancestorTitles":["tenant schema SSOT — copy ledger cannot fake apply"],"duration":2,"failing":false,"failureDetails":[],"failureMessages":[],"fullName":"tenant schema SSOT — copy ledger cannot fake apply skips copying 502 when the column is missing (Bliss ledger clone)","invocations":1,"location":null,"numPassingAsserts":1,"retryReasons":[],"startAt":1790289666968,"status":"passed","title":"skips copying 502 when the column is missing (Bliss ledger clone)"},{"ancestorTitles":["tenant schema SSOT — copy ledger cannot fake apply"],"duration":2,"failing":false,"failureDetails":[],"failureMessages":[],"fullName":"tenant schema SSOT — copy ledger cannot fake apply does not copy unverifiable filenames onto an incomplete tenant","invocations":1,"location":null,"numPassingAsserts":1,"retryReasons":[],"startAt":1790289666970,"status":"passed","title":"does not copy unverifiable filenames onto an incomplete tenant"},{"ancestorTitles":["tenant schema SSOT — copy ledger cannot fake apply"],"duration":1,"failing":false,"failureDetails":[],"failureMessages":[],"fullName":"tenant schema SSOT — copy ledger cannot fake apply may copy unverifiable filenames onto a complete clone (objects already exist)","invocations":1,"location":null,"numPassingAsserts":1,"retryReasons":[],"startAt":1790289666972,"status":"passed","title":"may copy unverifiable filenames onto a complete clone (objects already exist)"},{"ancestorTitles":["tenant schema SSOT — copy ledger cannot fake apply"],"duration":7,"failing":false,"failureDetails":[],"failureMessages":[],"fullName":"tenant schema SSOT — copy ledger cannot fake apply CURRENT_SCHEMA_VERSION matches 621 stamp, 622 expense reverse, 624 owner capital, 625 MoMo/Airtel, 626 no-dup bank mirror","invocations":1,"location":null,"numPassingAsserts":18,"retryReasons":[],"startAt":1790289666973,"status":"passed","title":"CURRENT_SCHEMA_VERSION matches 621 stamp, 622 expense reverse, 624 owner capital, 625 MoMo/Airtel, 626 no-dup bank mirror"},{"ancestorTitles":["tenant schema SSOT — copy ledger cannot fake apply"],"duration":6,"failing":false,"failureDetails":[],"failureMessages":[],"fullName":"tenant schema SSOT — copy ledger cannot fake apply requires session tables on every tenant","invocations":1,"location":null,"numPassingAsserts":1,"retryReasons":[],"startAt":1790289666980,"status":"passed","title":"requires session tables on every tenant"}],"endTime":1790289666989,"message":"","name":"C:\\Users\\Chase\\source\\repos\\SamplePOS\\SamplePOS.Server\\src\\modules\\system\\tenantMigrationDrift.test.ts","startTime":1790289665711,"status":"passed","summary":""},{"assertionResults":[{"ancestorTitles":["BankingService.createFromSale — mirror only (no duplicate GL)"],"duration":65,"failing":false,"failureDetails":[],"failureMessages":[],"fullName":"BankingService.createFromSale — mirror only (no duplicate GL) routes AIRTEL_MONEY to 1040 bank book linked to SALE GL — never createTransaction","invocations":1,"location":null,"numPassingAsserts":3,"retryReasons":[],"startAt":1790289667056,"status":"passed","title":"routes AIRTEL_MONEY to 1040 bank book linked to SALE GL — never createTransaction"},{"ancestorTitles":["BankingService.createFromSale — mirror only (no duplicate GL)"],"duration":3,"failing":false,"failureDetails":[],"failureMessages":[],"fullName":"BankingService.createFromSale — mirror only (no duplicate GL) routes MOBILE_MONEY (MTN) the same as AIRTEL — no tenant-special path, no second GL","invocations":1,"location":null,"numPassingAsserts":2,"retryReasons":[],"startAt":1790289667122,"status":"passed","title":"routes MOBILE_MONEY (MTN) the same as AIRTEL — no tenant-special path, no second GL"},{"ancestorTitles":["BankingService.createFromSale — mirror only (no duplicate GL)"],"duration":4,"failing":false,"failureDetails":[],"failureMessages":[],"fullName":"BankingService.createFromSale — mirror only (no duplicate GL) refuses mismatch: skips mirror when SALE GL does not debit 1040","invocations":1,"location":null,"numPassingAsserts":2,"retryReasons":[],"startAt":1790289667125,"status":"passed","title":"refuses mismatch: skips mirror when SALE GL does not debit 1040"}],"endTime":1790289667131,"message":"","name":"C:\\Users\\Chase\\source\\repos\\SamplePOS\\SamplePOS.Server\\src\\services\\bankingSalePaymentRouting.proof.test.ts","startTime":1790289665596,"status":"passed","summary":""},{"assertionResults":[{"ancestorTitles":["MoMo / Airtel payment SSOT — no tenant mix, no duplicate GL"],"duration":14,"failing":false,"failureDetails":[],"failureMessages":[],"fullName":"MoMo / Airtel payment SSOT — no tenant mix, no duplicate GL CURRENT_SCHEMA_VERSION is 626 with 625 heal + 626 no-dup indexes","invocations":1,"location":null,"numPassingAsserts":9,"retryReasons":[],"startAt":1790289667169,"status":"passed","title":"CURRENT_SCHEMA_VERSION is 626 with 625 heal + 626 no-dup indexes"},{"ancestorTitles":["MoMo / Airtel payment SSOT — no tenant mix, no duplicate GL"],"duration":2,"failing":false,"failureDetails":[],"failureMessages":[],"fullName":"MoMo / Airtel payment SSOT — no tenant mix, no duplicate GL fail-closed postconditions cover 554/571/625/626","invocations":1,"location":null,"numPassingAsserts":1,"retryReasons":[],"startAt":1790289667184,"status":"passed","title":"fail-closed postconditions cover 554/571/625/626"},{"ancestorTitles":["MoMo / Airtel payment SSOT — no tenant mix, no duplicate GL"],"duration":2,"failing":false,"failureDetails":[],"failureMessages":[],"fullName":"MoMo / Airtel payment SSOT — no tenant mix, no duplicate GL client POSSaleSchema accepts AIRTEL_MONEY","invocations":1,"location":null,"numPassingAsserts":2,"retryReasons":[],"startAt":1790289667186,"status":"passed","title":"client POSSaleSchema accepts AIRTEL_MONEY"},{"ancestorTitles":["MoMo / Airtel payment SSOT — no tenant mix, no duplicate GL"],"duration":4,"failing":false,"failureDetails":[],"failureMessages":[],"fullName":"MoMo / Airtel payment SSOT — no tenant mix, no duplicate GL sale + expense bank mirrors never call createTransaction (no second GL)","invocations":1,"location":null,"numPassingAsserts":9,"retryReasons":[],"startAt":1790289667188,"status":"passed","title":"sale + expense bank mirrors never call createTransaction (no second GL)"}],"endTime":1790289667194,"message":"","name":"C:\\Users\\Chase\\source\\repos\\SamplePOS\\SamplePOS.Server\\src\\services\\momoAirtelPaymentSsot.evidence.test.ts","startTime":1790289665638,"status":"passed","summary":""},{"assertionResults":[{"ancestorTitles":["Expense mark-paid MoMo — no categoryId as contra"],"duration":24,"failing":false,"failureDetails":[],"failureMessages":[],"fullName":"Expense mark-paid MoMo — no categoryId as contra markExpensePaid links bank mirror to EXPENSE_PAYMENT GL with paymentAccountCode","invocations":1,"location":null,"numPassingAsserts":4,"retryReasons":[],"startAt":1790289666918,"status":"passed","title":"markExpensePaid links bank mirror to EXPENSE_PAYMENT GL with paymentAccountCode"},{"ancestorTitles":["Expense mark-paid MoMo — no categoryId as contra"],"duration":7,"failing":false,"failureDetails":[],"failureMessages":[],"fullName":"Expense mark-paid MoMo — no categoryId as contra createFromExpense never uses expenseAccountId/categoryId as contra","invocations":1,"location":null,"numPassingAsserts":6,"retryReasons":[],"startAt":1790289666943,"status":"passed","title":"createFromExpense never uses expenseAccountId/categoryId as contra"},{"ancestorTitles":["Expense mark-paid MoMo — no categoryId as contra"],"duration":3,"failing":false,"failureDetails":[],"failureMessages":[],"fullName":"Expense mark-paid MoMo — no categoryId as contra schema 625 ensures EXPENSE_PAYMENT on MoMo liquidity (1040)","invocations":1,"location":null,"numPassingAsserts":2,"retryReasons":[],"startAt":1790289666950,"status":"passed","title":"schema 625 ensures EXPENSE_PAYMENT on MoMo liquidity (1040)"},{"ancestorTitles":["BankingService.createFromExpense MoMo mirror (executed)"],"duration":252,"failing":false,"failureDetails":[],"failureMessages":[],"fullName":"BankingService.createFromExpense MoMo mirror (executed) inserts WITHDRAWAL linked to existing GL for 1040 without createTransaction","invocations":1,"location":null,"numPassingAsserts":5,"retryReasons":[],"startAt":1790289666953,"status":"passed","title":"inserts WITHDRAWAL linked to existing GL for 1040 without createTransaction"}],"endTime":1790289667207,"message":"","name":"C:\\Users\\Chase\\source\\repos\\SamplePOS\\SamplePOS.Server\\src\\services\\expenseMarkPaidMomo.evidence.test.ts","startTime":1790289665673,"status":"passed","summary":""}],"wasInterrupted":false}
